[debug] [2025-06-07T13:08:24.824Z] ----------------------------------------------------------------------
[debug] [2025-06-07T13:08:24.826Z] Command:       C:\Program Files\nodejs\node.exe C:\Users\al3xs\AppData\Roaming\npm\node_modules\firebase-tools\lib\bin\firebase.js deploy --only functions
[debug] [2025-06-07T13:08:24.826Z] CLI Version:   13.35.1
[debug] [2025-06-07T13:08:24.826Z] Platform:      win32
[debug] [2025-06-07T13:08:24.826Z] Node Version:  v18.20.0
[debug] [2025-06-07T13:08:24.827Z] Time:          Sat Jun 07 2025 10:08:24 GMT-0300 (Brasilia Standard Time)
[debug] [2025-06-07T13:08:24.827Z] ----------------------------------------------------------------------
[debug] 
[debug] [2025-06-07T13:08:24.830Z] >>> [apiv2][query] GET https://firebase-public.firebaseio.com/cli.json [none]
[debug] [2025-06-07T13:08:25.057Z] > command requires scopes: ["email","openid","https://www.googleapis.com/auth/cloudplatformprojects.readonly","https://www.googleapis.com/auth/firebase","https://www.googleapis.com/auth/cloud-platform"]
[debug] [2025-06-07T13:08:25.057Z] > authorizing via signed-in user (salex2573@gmail.com)
[debug] [2025-06-07T13:08:25.058Z] [iam] checking project pedifacil-6e91e for permissions ["cloudfunctions.functions.create","cloudfunctions.functions.delete","cloudfunctions.functions.get","cloudfunctions.functions.list","cloudfunctions.functions.update","cloudfunctions.operations.get","firebase.projects.get"]
[debug] [2025-06-07T13:08:25.059Z] Checked if tokens are valid: false, expires at: 1749166663508
[debug] [2025-06-07T13:08:25.059Z] Checked if tokens are valid: false, expires at: 1749166663508
[debug] [2025-06-07T13:08:25.059Z] > refreshing access token with scopes: []
[debug] [2025-06-07T13:08:25.060Z] >>> [apiv2][query] POST https://www.googleapis.com/oauth2/v3/token [none]
[debug] [2025-06-07T13:08:25.060Z] >>> [apiv2][body] POST https://www.googleapis.com/oauth2/v3/token [omitted]
[debug] [2025-06-07T13:08:25.352Z] <<< [apiv2][status] POST https://www.googleapis.com/oauth2/v3/token 200
[debug] [2025-06-07T13:08:25.352Z] <<< [apiv2][body] POST https://www.googleapis.com/oauth2/v3/token [omitted]
[debug] [2025-06-07T13:08:25.359Z] >>> [apiv2][query] POST https://cloudresourcemanager.googleapis.com/v1/projects/pedifacil-6e91e:testIamPermissions [none]
[debug] [2025-06-07T13:08:25.359Z] >>> [apiv2][(partial)header] POST https://cloudresourcemanager.googleapis.com/v1/projects/pedifacil-6e91e:testIamPermissions x-goog-quota-user=projects/pedifacil-6e91e
[debug] [2025-06-07T13:08:25.359Z] >>> [apiv2][body] POST https://cloudresourcemanager.googleapis.com/v1/projects/pedifacil-6e91e:testIamPermissions {"permissions":["cloudfunctions.functions.create","cloudfunctions.functions.delete","cloudfunctions.functions.get","cloudfunctions.functions.list","cloudfunctions.functions.update","cloudfunctions.operations.get","firebase.projects.get"]}
[debug] [2025-06-07T13:08:25.549Z] <<< [apiv2][status] GET https://firebase-public.firebaseio.com/cli.json 200
[debug] [2025-06-07T13:08:25.549Z] <<< [apiv2][body] GET https://firebase-public.firebaseio.com/cli.json {"cloudBuildErrorAfter":1594252800000,"cloudBuildWarnAfter":1590019200000,"defaultNode10After":1594252800000,"minVersion":"3.0.5","node8DeploysDisabledAfter":1613390400000,"node8RuntimeDisabledAfter":1615809600000,"node8WarnAfter":1600128000000}
[debug] [2025-06-07T13:08:26.551Z] <<< [apiv2][status] POST https://cloudresourcemanager.googleapis.com/v1/projects/pedifacil-6e91e:testIamPermissions 200
[debug] [2025-06-07T13:08:26.551Z] <<< [apiv2][body] POST https://cloudresourcemanager.googleapis.com/v1/projects/pedifacil-6e91e:testIamPermissions {"permissions":["cloudfunctions.functions.create","cloudfunctions.functions.delete","cloudfunctions.functions.get","cloudfunctions.functions.list","cloudfunctions.functions.update","cloudfunctions.operations.get","firebase.projects.get"]}
[debug] [2025-06-07T13:08:26.551Z] Checked if tokens are valid: true, expires at: 1749305304352
[debug] [2025-06-07T13:08:26.551Z] Checked if tokens are valid: true, expires at: 1749305304352
[debug] [2025-06-07T13:08:26.551Z] >>> [apiv2][query] POST https://iam.googleapis.com/v1/projects/pedifacil-6e91e/serviceAccounts/pedifacil-6e91e@appspot.gserviceaccount.com:testIamPermissions [none]
[debug] [2025-06-07T13:08:26.551Z] >>> [apiv2][body] POST https://iam.googleapis.com/v1/projects/pedifacil-6e91e/serviceAccounts/pedifacil-6e91e@appspot.gserviceaccount.com:testIamPermissions {"permissions":["iam.serviceAccounts.actAs"]}
